2022-12-07T11:58:55+00:00 CRITICAL syntax error, unexpected end of file v /home/gravit04/public_html/wp-content/themes/astra/functions.php v vrstici 239

2022-12-07T11:59:06+00:00 CRITICAL syntax error, unexpected end of file v /home/gravit04/public_html/wp-content/themes/astra/functions.php v vrstici 237

2022-12-07T12:01:39+00:00 CRITICAL syntax error, unexpected end of file v /home/gravit04/public_html/wp-content/themes/astra/functions.php v vrstici 239

2022-12-07T12:02:45+00:00 CRITICAL syntax error, unexpected end of file v /home/gravit04/public_html/wp-content/themes/astra/functions.php v vrstici 239

2022-12-07T12:26:05+00:00 CRITICAL syntax error, unexpected end of file, expecting '(' v /home/gravit04/public_html/wp-content/themes/astra/functions.php v vrstici 232

2022-12-07T12:28:38+00:00 CRITICAL syntax error, unexpected ',' v /home/gravit04/public_html/wp-content/themes/astra/functions.php v vrstici 217

2022-12-07T12:30:55+00:00 CRITICAL syntax error, unexpected 'function' (T_FUNCTION) v /home/gravit04/public_html/wp-content/themes/astra/functions.php v vrstici 218

2022-12-07T13:31:05+00:00 CRITICAL syntax error, unexpected end of file, expecting variable (T_VARIABLE) or '{' or '$' v /home/gravit04/public_html/wp-content/themes/astra/functions.php v vrstici 240

2022-12-07T14:48:28+00:00 CRITICAL Cannot redeclare refresh_price_on_quantity_change() (previously declared in /home/gravit04/public_html/wp-content/themes/astra/functions.php:221) v /home/gravit04/public_html/wp-content/themes/astra/functions.php v vrstici 243

2022-12-07T14:56:05+00:00 CRITICAL Uncaught Error: Call to undefined function is_elementor_pro() in /home/gravit04/public_html/wp-content/themes/astra/functions.php:220
Stack trace:
#0 /home/gravit04/public_html/wp-includes/class-wp-hook.php(308): enqueue_scripts_for_woocommerce_ajax_price_refresh('')
#1 /home/gravit04/public_html/wp-includes/class-wp-hook.php(332): WP_Hook->apply_filters(NULL, Array)
#2 /home/gravit04/public_html/wp-includes/plugin.php(517): WP_Hook->do_action(Array)
#3 /home/gravit04/public_html/wp-includes/script-loader.php(2180): do_action('wp_enqueue_scri...')
#4 /home/gravit04/public_html/wp-includes/class-wp-hook.php(308): wp_enqueue_scripts('')
#5 /home/gravit04/public_html/wp-includes/class-wp-hook.php(332): WP_Hook->apply_filters(NULL, Array)
#6 /home/gravit04/public_html/wp-includes/plugin.php(517): WP_Hook->do_action(Array)
#7 /home/gravit04/public_html/wp-includes/general-template.php(3043): do_action('wp_head')
#8 /home/gravit04/public_html/wp-content/themes/astra/header.php(26): wp_head()
#9 /home/gravit04/publi v /home/gravit04/public_html/wp-content/themes/astra/functions.php v vrstici 220

2022-12-07T15:01:06+00:00 CRITICAL Uncaught Error: Call to a member function get_price() on bool in /home/gravit04/public_html/wp-content/themes/astra/functions.php:223
Stack trace:
#0 /home/gravit04/public_html/wp-includes/class-wp-hook.php(308): refresh_price_on_product_page_callback('')
#1 /home/gravit04/public_html/wp-includes/class-wp-hook.php(332): WP_Hook->apply_filters('', Array)
#2 /home/gravit04/public_html/wp-includes/plugin.php(517): WP_Hook->do_action(Array)
#3 /home/gravit04/public_html/wp-admin/admin-ajax.php(188): do_action('wp_ajax_refresh...')
#4 {main}
  thrown v /home/gravit04/public_html/wp-content/themes/astra/functions.php v vrstici 223

2022-12-07T15:01:06+00:00 CRITICAL Uncaught Error: Call to a member function get_price() on bool in /home/gravit04/public_html/wp-content/themes/astra/functions.php:223
Stack trace:
#0 /home/gravit04/public_html/wp-includes/class-wp-hook.php(308): refresh_price_on_product_page_callback('')
#1 /home/gravit04/public_html/wp-includes/class-wp-hook.php(332): WP_Hook->apply_filters('', Array)
#2 /home/gravit04/public_html/wp-includes/plugin.php(517): WP_Hook->do_action(Array)
#3 /home/gravit04/public_html/wp-admin/admin-ajax.php(188): do_action('wp_ajax_refresh...')
#4 {main}
  thrown v /home/gravit04/public_html/wp-content/themes/astra/functions.php v vrstici 223

2022-12-07T15:01:07+00:00 CRITICAL Uncaught Error: Call to a member function get_price() on bool in /home/gravit04/public_html/wp-content/themes/astra/functions.php:223
Stack trace:
#0 /home/gravit04/public_html/wp-includes/class-wp-hook.php(308): refresh_price_on_product_page_callback('')
#1 /home/gravit04/public_html/wp-includes/class-wp-hook.php(332): WP_Hook->apply_filters('', Array)
#2 /home/gravit04/public_html/wp-includes/plugin.php(517): WP_Hook->do_action(Array)
#3 /home/gravit04/public_html/wp-admin/admin-ajax.php(188): do_action('wp_ajax_refresh...')
#4 {main}
  thrown v /home/gravit04/public_html/wp-content/themes/astra/functions.php v vrstici 223

2022-12-07T15:02:58+00:00 CRITICAL Uncaught Error: Call to a member function get_price() on bool in /home/gravit04/public_html/wp-content/themes/astra/functions.php:223
Stack trace:
#0 /home/gravit04/public_html/wp-includes/class-wp-hook.php(308): refresh_price_on_product_page_callback('')
#1 /home/gravit04/public_html/wp-includes/class-wp-hook.php(332): WP_Hook->apply_filters('', Array)
#2 /home/gravit04/public_html/wp-includes/plugin.php(517): WP_Hook->do_action(Array)
#3 /home/gravit04/public_html/wp-admin/admin-ajax.php(188): do_action('wp_ajax_refresh...')
#4 {main}
  thrown v /home/gravit04/public_html/wp-content/themes/astra/functions.php v vrstici 223

2022-12-07T15:03:02+00:00 CRITICAL Uncaught Error: Call to a member function get_price() on bool in /home/gravit04/public_html/wp-content/themes/astra/functions.php:223
Stack trace:
#0 /home/gravit04/public_html/wp-includes/class-wp-hook.php(308): refresh_price_on_product_page_callback('')
#1 /home/gravit04/public_html/wp-includes/class-wp-hook.php(332): WP_Hook->apply_filters('', Array)
#2 /home/gravit04/public_html/wp-includes/plugin.php(517): WP_Hook->do_action(Array)
#3 /home/gravit04/public_html/wp-admin/admin-ajax.php(188): do_action('wp_ajax_refresh...')
#4 {main}
  thrown v /home/gravit04/public_html/wp-content/themes/astra/functions.php v vrstici 223

2022-12-07T15:03:02+00:00 CRITICAL Uncaught Error: Call to a member function get_price() on bool in /home/gravit04/public_html/wp-content/themes/astra/functions.php:223
Stack trace:
#0 /home/gravit04/public_html/wp-includes/class-wp-hook.php(308): refresh_price_on_product_page_callback('')
#1 /home/gravit04/public_html/wp-includes/class-wp-hook.php(332): WP_Hook->apply_filters('', Array)
#2 /home/gravit04/public_html/wp-includes/plugin.php(517): WP_Hook->do_action(Array)
#3 /home/gravit04/public_html/wp-admin/admin-ajax.php(188): do_action('wp_ajax_refresh...')
#4 {main}
  thrown v /home/gravit04/public_html/wp-content/themes/astra/functions.php v vrstici 223

2022-12-07T15:03:02+00:00 CRITICAL Uncaught Error: Call to a member function get_price() on bool in /home/gravit04/public_html/wp-content/themes/astra/functions.php:223
Stack trace:
#0 /home/gravit04/public_html/wp-includes/class-wp-hook.php(308): refresh_price_on_product_page_callback('')
#1 /home/gravit04/public_html/wp-includes/class-wp-hook.php(332): WP_Hook->apply_filters('', Array)
#2 /home/gravit04/public_html/wp-includes/plugin.php(517): WP_Hook->do_action(Array)
#3 /home/gravit04/public_html/wp-admin/admin-ajax.php(188): do_action('wp_ajax_refresh...')
#4 {main}
  thrown v /home/gravit04/public_html/wp-content/themes/astra/functions.php v vrstici 223

2022-12-07T15:11:16+00:00 CRITICAL Uncaught Error: Call to a member function get_price() on bool in /home/gravit04/public_html/wp-content/themes/astra/functions.php:225
Stack trace:
#0 /home/gravit04/public_html/wp-includes/class-wp-hook.php(308): refresh_price_on_product_page_callback('')
#1 /home/gravit04/public_html/wp-includes/class-wp-hook.php(332): WP_Hook->apply_filters('', Array)
#2 /home/gravit04/public_html/wp-includes/plugin.php(517): WP_Hook->do_action(Array)
#3 /home/gravit04/public_html/wp-admin/admin-ajax.php(188): do_action('wp_ajax_refresh...')
#4 {main}
  thrown v /home/gravit04/public_html/wp-content/themes/astra/functions.php v vrstici 225

2022-12-07T15:11:17+00:00 CRITICAL Uncaught Error: Call to a member function get_price() on bool in /home/gravit04/public_html/wp-content/themes/astra/functions.php:225
Stack trace:
#0 /home/gravit04/public_html/wp-includes/class-wp-hook.php(308): refresh_price_on_product_page_callback('')
#1 /home/gravit04/public_html/wp-includes/class-wp-hook.php(332): WP_Hook->apply_filters('', Array)
#2 /home/gravit04/public_html/wp-includes/plugin.php(517): WP_Hook->do_action(Array)
#3 /home/gravit04/public_html/wp-admin/admin-ajax.php(188): do_action('wp_ajax_refresh...')
#4 {main}
  thrown v /home/gravit04/public_html/wp-content/themes/astra/functions.php v vrstici 225

2022-12-07T15:11:19+00:00 CRITICAL Uncaught Error: Call to a member function get_price() on bool in /home/gravit04/public_html/wp-content/themes/astra/functions.php:225
Stack trace:
#0 /home/gravit04/public_html/wp-includes/class-wp-hook.php(308): refresh_price_on_product_page_callback('')
#1 /home/gravit04/public_html/wp-includes/class-wp-hook.php(332): WP_Hook->apply_filters('', Array)
#2 /home/gravit04/public_html/wp-includes/plugin.php(517): WP_Hook->do_action(Array)
#3 /home/gravit04/public_html/wp-admin/admin-ajax.php(188): do_action('wp_ajax_refresh...')
#4 {main}
  thrown v /home/gravit04/public_html/wp-content/themes/astra/functions.php v vrstici 225

2022-12-07T16:09:35+00:00 CRITICAL syntax error, unexpected '(', expecting variable (T_VARIABLE) or '{' or '$' v /home/gravit04/public_html/wp-content/themes/astra/functions.php v vrstici 196

