2022-12-09T11:26:25+00:00 NOTICE action_scheduler.queue_job :: MailChimp_WooCommerce_SingleCoupon queued :: obj_id 1496
2022-12-09T11:26:54+00:00 NOTICE promo_code_submit.success :: #1496 :: code: test09122022
2022-12-09T11:27:44+00:00 NOTICE action_scheduler.queue_job :: MailChimp_WooCommerce_Cart_Update queued :: obj_id 2e94c084ad9dc18f784aab8a5037223f
2022-12-09T11:28:04+00:00 NOTICE abandoned_cart.success :: email: rojc.katarina@gmail.com :: checkout_url: https://gravity4pets.com/narocilo/?mc_cart_id=2e94c084ad9dc18f784aab8a5037223f
2022-12-09T11:28:05+00:00 NOTICE cart.member.updated :: Updated rojc.katarina@gmail.com subscriber status to transactional and language to sl
2022-12-09T11:31:25+00:00 NOTICE action_scheduler.queue_job :: MailChimp_WooCommerce_User_Submit queued :: obj_id 5
2022-12-09T11:31:25+00:00 NOTICE action_scheduler.queue_job :: MailChimp_WooCommerce_Single_Order starts in 90 seconds :: obj_id 1497
2022-12-09T11:31:26+00:00 NOTICE debug :: Order ID 1497 was pending and is now processing :: Array
(
    [new_order] => 1
    [tracking] => Array
        (
            [campaign_id] => 
            [landing_site] => 
        )

)

2022-12-09T11:32:21+00:00 NOTICE member.sync :: Updated Member rojc.katarina@gmail.com :: Array
(
    [previous_status] => transactional
    [status] => 
    [language] => 
    [merge_fields] => Array
        (
            [FNAME] => KATARINA
            [LNAME] => ROJC
        )

    [gdpr_fields] => 
)

2022-12-09T11:33:12+00:00 NOTICE order.member.updated :: Updated rojc.katarina@gmail.com subscriber status to transactional and language to sl
2022-12-09T11:33:12+00:00 NOTICE order_submit.success :: addStoreOrder :: #1497 :: email: rojc.katarina@gmail.com :: abandoned cart deleted [2e94c084ad9dc18f784aab8a5037223f]
2022-12-09T11:37:30+00:00 NOTICE action_scheduler.queue_job :: MailChimp_WooCommerce_SingleCoupon queued :: obj_id 1496
2022-12-09T11:37:53+00:00 NOTICE promo_code_submit.success :: #1496 :: code: test09122022
2022-12-09T11:48:10+00:00 NOTICE action_scheduler.queue_job :: MailChimp_WooCommerce_Cart_Update queued :: obj_id 2e94c084ad9dc18f784aab8a5037223f
2022-12-09T11:50:08+00:00 NOTICE abandoned_cart.success :: email: rojc.katarina@gmail.com :: checkout_url: https://gravity4pets.com/narocilo/?mc_cart_id=2e94c084ad9dc18f784aab8a5037223f
2022-12-09T11:54:07+00:00 NOTICE action_scheduler.queue_job :: MailChimp_WooCommerce_User_Submit queued :: obj_id 5
2022-12-09T11:54:07+00:00 NOTICE action_scheduler.queue_job :: MailChimp_WooCommerce_Single_Order starts in 90 seconds :: obj_id 1498
2022-12-09T11:54:09+00:00 NOTICE debug :: Order ID 1498 was pending and is now failed :: Array
(
    [new_order] => 
    [tracking] => 
)

2022-12-09T11:55:25+00:00 NOTICE member.sync :: Updated Member rojc.katarina@gmail.com :: Array
(
    [previous_status] => transactional
    [status] => 
    [language] => 
    [merge_fields] => Array
        (
            [FNAME] => KATARINA
            [LNAME] => ROJC
        )

    [gdpr_fields] => 
)

2022-12-09T11:55:41+00:00 NOTICE action_scheduler.queue_job :: MailChimp_WooCommerce_SingleCoupon queued :: obj_id 1496
2022-12-09T11:55:53+00:00 NOTICE promo_code_submit.success :: #1496 :: code: test09122022
2022-12-09T11:58:09+00:00 NOTICE action_scheduler.queue_job :: MailChimp_WooCommerce_User_Submit queued :: obj_id 5
2022-12-09T11:58:09+00:00 NOTICE action_scheduler.queue_job :: MailChimp_WooCommerce_Single_Order starts in 90 seconds :: obj_id 1499
2022-12-09T11:59:10+00:00 NOTICE debug :: Order ID 1499 was pending and is now processing :: Array
(
    [new_order] => 1
    [tracking] => Array
        (
            [campaign_id] => 
            [landing_site] => 
        )

)

2022-12-09T11:59:11+00:00 NOTICE member.sync :: Updated Member rojc.katarina@gmail.com :: Array
(
    [previous_status] => transactional
    [status] => 
    [language] => 
    [merge_fields] => Array
        (
            [FNAME] => KATARINA
            [LNAME] => ROJC
        )

    [gdpr_fields] => 
)

2022-12-09T12:00:58+00:00 NOTICE order.member.updated :: Updated rojc.katarina@gmail.com subscriber status to transactional and language to sl
2022-12-09T12:00:58+00:00 NOTICE order_submit.success :: addStoreOrder :: #1499 :: email: rojc.katarina@gmail.com :: abandoned cart deleted [2e94c084ad9dc18f784aab8a5037223f]
