2022-11-27T19:01:42+00:00 NOTICE action_scheduler.queue_job :: MailChimp_WooCommerce_User_Submit queued :: obj_id 1
2022-11-27T19:01:42+00:00 NOTICE action_scheduler.queue_job :: MailChimp_WooCommerce_Single_Order starts in 90 seconds :: obj_id 1389
2022-11-27T19:01:44+00:00 NOTICE debug :: Order ID 1389 was pending and is now on-hold :: Array
(
    [new_order] => 
    [tracking] => 
)

2022-11-27T19:03:55+00:00 NOTICE member.sync :: Updated Member gm.miklobusec@gmail.com :: Array
(
    [status] => subscribed
    [language] => 
    [merge_fields] => Array
        (
            [FNAME] => Tadej
            [LNAME] => Miklobušec
        )

    [gdpr_fields] => 
)

2022-11-27T19:07:39+00:00 NOTICE action_scheduler.queue_job :: MailChimp_WooCommerce_User_Submit queued :: obj_id 1
2022-11-27T19:07:39+00:00 NOTICE action_scheduler.queue_job :: MailChimp_WooCommerce_Single_Order starts in 90 seconds :: obj_id 1390
2022-11-27T19:07:41+00:00 NOTICE debug :: Order ID 1390 was pending and is now processing :: Array
(
    [new_order] => 1
    [tracking] => Array
        (
            [campaign_id] => 
            [landing_site] => 
        )

)

2022-11-27T19:07:41+00:00 NOTICE member.sync :: Updated Member gm.miklobusec@gmail.com :: Array
(
    [status] => subscribed
    [language] => 
    [merge_fields] => Array
        (
            [FNAME] => Tadej
            [LNAME] => Miklobušec
        )

    [gdpr_fields] => 
)

2022-11-27T19:10:20+00:00 NOTICE order.member.updated :: Updated gm.miklobusec@gmail.com subscriber status to subscribed and language to sl
2022-11-27T19:10:20+00:00 NOTICE order_submit.success :: addStoreOrder :: #1390 :: email: gm.miklobusec@gmail.com
2022-11-27T19:21:20+00:00 NOTICE action_scheduler.queue_job :: MailChimp_WooCommerce_Single_Order starts in 90 seconds :: obj_id 1390
2022-11-27T19:23:35+00:00 NOTICE order.member.updated :: Updated gm.miklobusec@gmail.com subscriber status to subscribed and language to 
2022-11-27T19:23:35+00:00 NOTICE order_submit.success :: updateStoreOrder :: #1390 :: email: gm.miklobusec@gmail.com
2022-11-27T19:49:10+00:00 NOTICE action_scheduler.queue_job :: MailChimp_WooCommerce_User_Submit queued :: obj_id 1
2022-11-27T19:49:10+00:00 NOTICE action_scheduler.queue_job :: MailChimp_WooCommerce_Single_Order starts in 90 seconds :: obj_id 1391
2022-11-27T19:49:11+00:00 NOTICE debug :: Order ID 1391 was pending and is now processing :: Array
(
    [new_order] => 1
    [tracking] => Array
        (
            [campaign_id] => 
            [landing_site] => 
        )

)

2022-11-27T19:49:38+00:00 NOTICE member.sync :: Updated Member gm.miklobusec@gmail.com :: Array
(
    [status] => subscribed
    [language] => 
    [merge_fields] => Array
        (
            [FNAME] => Tadej
            [LNAME] => Miklobušec
        )

    [gdpr_fields] => 
)

2022-11-27T19:49:51+00:00 NOTICE debug :: Order ID 1391 was processing and is now pending :: Array
(
    [new_order] => 
    [tracking] => 
)

2022-11-27T19:49:59+00:00 NOTICE debug :: Order ID 1391 was pending and is now on-hold :: Array
(
    [new_order] => 
    [tracking] => 
)

2022-11-27T19:50:03+00:00 NOTICE debug :: Order ID 1391 was pending and is now completed :: Array
(
    [new_order] => 1
    [tracking] => Array
        (
            [campaign_id] => 
            [landing_site] => 
        )

)

2022-11-27T19:50:10+00:00 NOTICE debug :: Order ID 1391 was completed and is now checkout-draft :: Array
(
    [new_order] => 
    [tracking] => 
)

2022-11-27T20:53:46+00:00 NOTICE action_scheduler.queue_job :: MailChimp_WooCommerce_Single_Order starts in 90 seconds :: obj_id 1389
2022-11-27T20:53:46+00:00 NOTICE debug :: Order ID 1389 was on-hold and is now processing :: Array
(
    [new_order] => 
    [tracking] => 
)

2022-11-27T20:56:03+00:00 NOTICE order.member.updated :: Updated gm.miklobusec@gmail.com subscriber status to subscribed and language to 
2022-11-27T20:56:03+00:00 NOTICE order_submit.success :: addStoreOrder :: #1389 :: email: gm.miklobusec@gmail.com
2022-11-27T21:19:57+00:00 NOTICE action_scheduler.queue_job :: MailChimp_WooCommerce_Single_Order starts in 90 seconds :: obj_id 1389
2022-11-27T21:19:57+00:00 NOTICE debug :: Order ID 1389 was processing and is now on-hold :: Array
(
    [new_order] => 
    [tracking] => 
)

2022-11-27T21:20:07+00:00 NOTICE debug :: Order ID 1389 was on-hold and is now processing :: Array
(
    [new_order] => 
    [tracking] => 
)

2022-11-27T21:21:56+00:00 NOTICE order.member.updated :: Updated gm.miklobusec@gmail.com subscriber status to subscribed and language to 
2022-11-27T21:21:56+00:00 NOTICE order_submit.success :: updateStoreOrder :: #1389 :: email: gm.miklobusec@gmail.com
