2022-12-08T14:41:27+00:00 NOTICE action_scheduler.queue_job :: MailChimp_WooCommerce_User_Submit queued :: obj_id 1
2022-12-08T14:41:27+00:00 NOTICE action_scheduler.queue_job :: MailChimp_WooCommerce_Single_Order starts in 90 seconds :: obj_id 1495
2022-12-08T14:41:28+00:00 NOTICE debug :: Order ID 1495 was pending and is now on-hold :: Array
(
    [new_order] => 
    [tracking] => 
)

2022-12-08T14:41:55+00:00 NOTICE member.sync :: Updated Member gm.miklobusec@gmail.com :: Array
(
    [status] => subscribed
    [language] => 
    [merge_fields] => Array
        (
            [FNAME] => Tadej
            [LNAME] => Miklobušec
        )

    [gdpr_fields] => 
)

2022-12-08T14:56:17+00:00 NOTICE action_scheduler.queue_job :: MailChimp_WooCommerce_Single_Order starts in 90 seconds :: obj_id 1495
2022-12-08T14:56:18+00:00 NOTICE debug :: Order ID 1495 was on-hold and is now completed :: Array
(
    [new_order] => 
    [tracking] => 
)

2022-12-08T14:58:04+00:00 NOTICE order.member.updated :: Updated gm.miklobusec@gmail.com subscriber status to subscribed and language to 
2022-12-08T14:58:04+00:00 NOTICE order_submit.success :: addStoreOrder :: #1495 :: email: gm.miklobusec@gmail.com
