2022-11-23T16:03:28+00:00 INFO Array
(
    [Webhook Delivery] => Array
        (
            [Delivery ID] => b4fb8aa6d3376937781df38c698e6472
            [Date] => Nov 23, 2022 @ 16:03
            [URL] => https://main.metakocka.si/rest/eshop/v1/woocommerceWebHook?eshop_sync_id=140500000100
            [Duration] => 3.14867
            [Request] => Array
                (
                    [Method] => POST
                    [Headers] => Array
                        (
                            [User-Agent] => WooCommerce/7.1.0 Hookshot (WordPress/6.1.1)
                            [Content-Type] => application/json
                            [X-WC-Webhook-Source] => https://gravity4pets.com/
                            [X-WC-Webhook-Topic] => order.created
                            [X-WC-Webhook-Resource] => order
                            [X-WC-Webhook-Event] => created
                            [X-WC-Webhook-Signature] => 4hm04WpmAb1jsFMCydNr6rq0CMDwC3F0znRy0ANPDaA=
                            [X-WC-Webhook-ID] => 1
                            [X-WC-Webhook-Delivery-ID] => b4fb8aa6d3376937781df38c698e6472
                        )

                )

            [Body] => Webhook body is not logged unless WP_DEBUG mode is turned on. This is to avoid the storing of personal data in the logs.
            [Response] => Array
                (
                    [Code] => 200
                    [Message] => OK
                    [Headers] => Requests_Utility_CaseInsensitiveDictionary Object
                        (
                            [data:protected] => Array
                                (
                                    [server] => nginx/1.22.0
                                    [date] => Wed, 23 Nov 2022 16:03:28 GMT
                                    [content-type] => application/json
                                    [strict-transport-security] => max-age=63072000
                                    [x-frame-options] => SAMEORIGIN
                                    [content-encoding] => gzip
                                )

                        )

                    [Body] => Webhook body is not logged unless WP_DEBUG mode is turned on. This is to avoid the storing of personal data in the logs.
                )

        )

)

2022-11-23T16:03:30+00:00 INFO Array
(
    [Webhook Delivery] => Array
        (
            [Delivery ID] => 5520b1847423eaf4dd17ae0f3b4c6f21
            [Date] => Nov 23, 2022 @ 16:03
            [URL] => https://main.metakocka.si/rest/eshop/v1/woocommerceWebHook?eshop_sync_id=140500000100
            [Duration] => 1.73294
            [Request] => Array
                (
                    [Method] => POST
                    [Headers] => Array
                        (
                            [User-Agent] => WooCommerce/7.1.0 Hookshot (WordPress/6.1.1)
                            [Content-Type] => application/json
                            [X-WC-Webhook-Source] => https://gravity4pets.com/
                            [X-WC-Webhook-Topic] => order.updated
                            [X-WC-Webhook-Resource] => order
                            [X-WC-Webhook-Event] => updated
                            [X-WC-Webhook-Signature] => 4hm04WpmAb1jsFMCydNr6rq0CMDwC3F0znRy0ANPDaA=
                            [X-WC-Webhook-ID] => 2
                            [X-WC-Webhook-Delivery-ID] => 5520b1847423eaf4dd17ae0f3b4c6f21
                        )

                )

            [Body] => Webhook body is not logged unless WP_DEBUG mode is turned on. This is to avoid the storing of personal data in the logs.
            [Response] => Array
                (
                    [Code] => 200
                    [Message] => OK
                    [Headers] => Requests_Utility_CaseInsensitiveDictionary Object
                        (
                            [data:protected] => Array
                                (
                                    [server] => nginx/1.22.0
                                    [date] => Wed, 23 Nov 2022 16:03:30 GMT
                                    [content-type] => application/json
                                    [strict-transport-security] => max-age=63072000
                                    [x-frame-options] => SAMEORIGIN
                                    [content-encoding] => gzip
                                )

                        )

                    [Body] => Webhook body is not logged unless WP_DEBUG mode is turned on. This is to avoid the storing of personal data in the logs.
                )

        )

)

2022-11-23T16:07:44+00:00 INFO Array
(
    [Webhook Delivery] => Array
        (
            [Delivery ID] => a362f1c1e1b14cf62bd512ab93bd5786
            [Date] => Nov 23, 2022 @ 16:07
            [URL] => https://main.metakocka.si/rest/eshop/v1/woocommerceWebHook?eshop_sync_id=140500000100
            [Duration] => 4.31666
            [Request] => Array
                (
                    [Method] => POST
                    [Headers] => Array
                        (
                            [User-Agent] => WooCommerce/7.1.0 Hookshot (WordPress/6.1.1)
                            [Content-Type] => application/json
                            [X-WC-Webhook-Source] => https://gravity4pets.com/
                            [X-WC-Webhook-Topic] => order.created
                            [X-WC-Webhook-Resource] => order
                            [X-WC-Webhook-Event] => created
                            [X-WC-Webhook-Signature] => ZjY75Ltfcny0qt3NQyFRsZZnqtqv3XU5aPn0wmyA210=
                            [X-WC-Webhook-ID] => 1
                            [X-WC-Webhook-Delivery-ID] => a362f1c1e1b14cf62bd512ab93bd5786
                        )

                )

            [Body] => Webhook body is not logged unless WP_DEBUG mode is turned on. This is to avoid the storing of personal data in the logs.
            [Response] => Array
                (
                    [Code] => 200
                    [Message] => OK
                    [Headers] => Requests_Utility_CaseInsensitiveDictionary Object
                        (
                            [data:protected] => Array
                                (
                                    [server] => nginx/1.22.0
                                    [date] => Wed, 23 Nov 2022 16:07:44 GMT
                                    [content-type] => application/json
                                    [strict-transport-security] => max-age=63072000
                                    [x-frame-options] => SAMEORIGIN
                                    [content-encoding] => gzip
                                )

                        )

                    [Body] => Webhook body is not logged unless WP_DEBUG mode is turned on. This is to avoid the storing of personal data in the logs.
                )

        )

)

2022-11-23T16:07:46+00:00 INFO Array
(
    [Webhook Delivery] => Array
        (
            [Delivery ID] => dd8bdc52c70257664f8a08623c8a2a30
            [Date] => Nov 23, 2022 @ 16:07
            [URL] => https://main.metakocka.si/rest/eshop/v1/woocommerceWebHook?eshop_sync_id=140500000100
            [Duration] => 1.66825
            [Request] => Array
                (
                    [Method] => POST
                    [Headers] => Array
                        (
                            [User-Agent] => WooCommerce/7.1.0 Hookshot (WordPress/6.1.1)
                            [Content-Type] => application/json
                            [X-WC-Webhook-Source] => https://gravity4pets.com/
                            [X-WC-Webhook-Topic] => order.updated
                            [X-WC-Webhook-Resource] => order
                            [X-WC-Webhook-Event] => updated
                            [X-WC-Webhook-Signature] => ZjY75Ltfcny0qt3NQyFRsZZnqtqv3XU5aPn0wmyA210=
                            [X-WC-Webhook-ID] => 2
                            [X-WC-Webhook-Delivery-ID] => dd8bdc52c70257664f8a08623c8a2a30
                        )

                )

            [Body] => Webhook body is not logged unless WP_DEBUG mode is turned on. This is to avoid the storing of personal data in the logs.
            [Response] => Array
                (
                    [Code] => 200
                    [Message] => OK
                    [Headers] => Requests_Utility_CaseInsensitiveDictionary Object
                        (
                            [data:protected] => Array
                                (
                                    [server] => nginx/1.22.0
                                    [date] => Wed, 23 Nov 2022 16:07:45 GMT
                                    [content-type] => application/json
                                    [strict-transport-security] => max-age=63072000
                                    [x-frame-options] => SAMEORIGIN
                                    [content-encoding] => gzip
                                )

                        )

                    [Body] => Webhook body is not logged unless WP_DEBUG mode is turned on. This is to avoid the storing of personal data in the logs.
                )

        )

)

2022-11-23T16:33:02+00:00 INFO Array
(
    [Webhook Delivery] => Array
        (
            [Delivery ID] => 85c0ccde6db1f805880820e33787c947
            [Date] => Nov 23, 2022 @ 16:33
            [URL] => https://main.metakocka.si/rest/eshop/v1/woocommerceWebHook?eshop_sync_id=140500000100
            [Duration] => 3.29701
            [Request] => Array
                (
                    [Method] => POST
                    [Headers] => Array
                        (
                            [User-Agent] => WooCommerce/7.1.0 Hookshot (WordPress/6.1.1)
                            [Content-Type] => application/json
                            [X-WC-Webhook-Source] => https://gravity4pets.com/
                            [X-WC-Webhook-Topic] => order.created
                            [X-WC-Webhook-Resource] => order
                            [X-WC-Webhook-Event] => created
                            [X-WC-Webhook-Signature] => Xqc8ql75dmm6CurHp0T2J281rZdZ58lhVKZB3R15idg=
                            [X-WC-Webhook-ID] => 1
                            [X-WC-Webhook-Delivery-ID] => 85c0ccde6db1f805880820e33787c947
                        )

                )

            [Body] => Webhook body is not logged unless WP_DEBUG mode is turned on. This is to avoid the storing of personal data in the logs.
            [Response] => Array
                (
                    [Code] => 200
                    [Message] => OK
                    [Headers] => Requests_Utility_CaseInsensitiveDictionary Object
                        (
                            [data:protected] => Array
                                (
                                    [server] => nginx/1.22.0
                                    [date] => Wed, 23 Nov 2022 16:33:02 GMT
                                    [content-type] => application/json
                                    [strict-transport-security] => max-age=63072000
                                    [x-frame-options] => SAMEORIGIN
                                    [content-encoding] => gzip
                                )

                        )

                    [Body] => Webhook body is not logged unless WP_DEBUG mode is turned on. This is to avoid the storing of personal data in the logs.
                )

        )

)

2022-11-23T16:33:04+00:00 INFO Array
(
    [Webhook Delivery] => Array
        (
            [Delivery ID] => 00442d029f1e8a59ca68da203ab84d5e
            [Date] => Nov 23, 2022 @ 16:33
            [URL] => https://main.metakocka.si/rest/eshop/v1/woocommerceWebHook?eshop_sync_id=140500000100
            [Duration] => 1.83206
            [Request] => Array
                (
                    [Method] => POST
                    [Headers] => Array
                        (
                            [User-Agent] => WooCommerce/7.1.0 Hookshot (WordPress/6.1.1)
                            [Content-Type] => application/json
                            [X-WC-Webhook-Source] => https://gravity4pets.com/
                            [X-WC-Webhook-Topic] => order.updated
                            [X-WC-Webhook-Resource] => order
                            [X-WC-Webhook-Event] => updated
                            [X-WC-Webhook-Signature] => Xqc8ql75dmm6CurHp0T2J281rZdZ58lhVKZB3R15idg=
                            [X-WC-Webhook-ID] => 2
                            [X-WC-Webhook-Delivery-ID] => 00442d029f1e8a59ca68da203ab84d5e
                        )

                )

            [Body] => Webhook body is not logged unless WP_DEBUG mode is turned on. This is to avoid the storing of personal data in the logs.
            [Response] => Array
                (
                    [Code] => 200
                    [Message] => OK
                    [Headers] => Requests_Utility_CaseInsensitiveDictionary Object
                        (
                            [data:protected] => Array
                                (
                                    [server] => nginx/1.22.0
                                    [date] => Wed, 23 Nov 2022 16:33:04 GMT
                                    [content-type] => application/json
                                    [strict-transport-security] => max-age=63072000
                                    [x-frame-options] => SAMEORIGIN
                                    [content-encoding] => gzip
                                )

                        )

                    [Body] => Webhook body is not logged unless WP_DEBUG mode is turned on. This is to avoid the storing of personal data in the logs.
                )

        )

)

2022-11-23T17:27:43+00:00 INFO Array
(
    [Webhook Delivery] => Array
        (
            [Delivery ID] => 5b7e917bd0f4fea7f4ae6ddbca7ce208
            [Date] => Nov 23, 2022 @ 17:27
            [URL] => https://main.metakocka.si/rest/eshop/v1/woocommerceWebHook?eshop_sync_id=140500000100
            [Duration] => 2.68993
            [Request] => Array
                (
                    [Method] => POST
                    [Headers] => Array
                        (
                            [User-Agent] => WooCommerce/7.1.0 Hookshot (WordPress/6.1.1)
                            [Content-Type] => application/json
                            [X-WC-Webhook-Source] => https://gravity4pets.com/
                            [X-WC-Webhook-Topic] => order.updated
                            [X-WC-Webhook-Resource] => order
                            [X-WC-Webhook-Event] => updated
                            [X-WC-Webhook-Signature] => FnGyoxhlyQL+sj5HNE8FH+EJBR6YAPx6dwJr6tw3h5Y=
                            [X-WC-Webhook-ID] => 2
                            [X-WC-Webhook-Delivery-ID] => 5b7e917bd0f4fea7f4ae6ddbca7ce208
                        )

                )

            [Body] => Webhook body is not logged unless WP_DEBUG mode is turned on. This is to avoid the storing of personal data in the logs.
            [Response] => Array
                (
                    [Code] => 200
                    [Message] => OK
                    [Headers] => Requests_Utility_CaseInsensitiveDictionary Object
                        (
                            [data:protected] => Array
                                (
                                    [server] => nginx/1.22.0
                                    [date] => Wed, 23 Nov 2022 17:27:43 GMT
                                    [content-type] => application/json
                                    [strict-transport-security] => max-age=63072000
                                    [x-frame-options] => SAMEORIGIN
                                    [content-encoding] => gzip
                                )

                        )

                    [Body] => Webhook body is not logged unless WP_DEBUG mode is turned on. This is to avoid the storing of personal data in the logs.
                )

        )

)

2022-11-23T17:28:31+00:00 INFO Array
(
    [Webhook Delivery] => Array
        (
            [Delivery ID] => 4111bee851aead8d17a074587f1de2aa
            [Date] => Nov 23, 2022 @ 17:28
            [URL] => https://main.metakocka.si/rest/eshop/v1/woocommerceWebHook?eshop_sync_id=140500000100
            [Duration] => 6.13491
            [Request] => Array
                (
                    [Method] => POST
                    [Headers] => Array
                        (
                            [User-Agent] => WooCommerce/7.1.0 Hookshot (WordPress/6.1.1)
                            [Content-Type] => application/json
                            [X-WC-Webhook-Source] => https://gravity4pets.com/
                            [X-WC-Webhook-Topic] => order.updated
                            [X-WC-Webhook-Resource] => order
                            [X-WC-Webhook-Event] => updated
                            [X-WC-Webhook-Signature] => 8I/HRq1ENtRWnp6yKJRY5tND60XHc2mbYXwR9g6V6dw=
                            [X-WC-Webhook-ID] => 2
                            [X-WC-Webhook-Delivery-ID] => 4111bee851aead8d17a074587f1de2aa
                        )

                )

            [Body] => Webhook body is not logged unless WP_DEBUG mode is turned on. This is to avoid the storing of personal data in the logs.
            [Response] => Array
                (
                    [Code] => 200
                    [Message] => OK
                    [Headers] => Requests_Utility_CaseInsensitiveDictionary Object
                        (
                            [data:protected] => Array
                                (
                                    [server] => nginx/1.22.0
                                    [date] => Wed, 23 Nov 2022 17:28:31 GMT
                                    [content-type] => application/json
                                    [strict-transport-security] => max-age=63072000
                                    [x-frame-options] => SAMEORIGIN
                                    [content-encoding] => gzip
                                )

                        )

                    [Body] => Webhook body is not logged unless WP_DEBUG mode is turned on. This is to avoid the storing of personal data in the logs.
                )

        )

)

